<?xml version="1.0" encoding="UTF-8"?>
<testsuite xmlns:xsi="http://www.w3.org/2001/XMLSchema-instance" xsi:noNamespaceSchemaLocation="https://maven.apache.org/surefire/maven-surefire-plugin/xsd/surefire-test-report-3.0.xsd" version="3.0" name="com.wsoap.ConsultarucApplicationTests" time="6.294" tests="1" errors="0" skipped="0" failures="0">
  <properties>
[...]
</properties>
  <testcase name="contextLoads" classname="com.wsoap.ConsultarucApplicationTests" time="0.635">
    <system-out><![CDATA[10:26:23.935 [main] INFO org.springframework.test.context.support.AnnotationConfigContextLoaderUtils -- Could not detect default configuration classes for test class [com.wsoap.ConsultarucApplicationTests]: ConsultarucApplicationTests does not declare any static, non-private, non-final, nested classes annotated with @Configuration.
10:26:24.069 [main] INFO org.springframework.boot.test.context.SpringBootTestContextBootstrapper -- Found @SpringBootConfiguration com.wsoap.ConsultarucApplication for test class com.wsoap.ConsultarucApplicationTests
10:26:24.288 [main] INFO org.springframework.boot.devtools.restart.RestartApplicationListener -- Restart disabled due to context in which it is running

  .   ____          _            __ _ _
 /\\ / ___'_ __ _ _(_)_ __  __ _ \ \ \ \
( ( )\___ | '_ | '_| | '_ \/ _` | \ \ \ \
 \\/  ___)| |_)| | | | | || (_| |  ) ) ) )
  '  |____| .__|_| |_|_| |_\__, | / / / /
 =========|_|==============|___/=/_/_/_/
 :: Spring Boot ::                (v3.2.3)

2024-03-05T10:26:24.608-03:00  INFO 1637 --- [           main] com.wsoap.ConsultarucApplicationTests    : Starting ConsultarucApplicationTests using Java 17.0.6 with PID 1637 (started by faza in /Users/faza/appjava/consultarucWsSecurity)
2024-03-05T10:26:24.609-03:00  INFO 1637 --- [           main] com.wsoap.ConsultarucApplicationTests    : No active profile set, falling back to 1 default profile: "default"
2024-03-05T10:26:25.566-03:00  INFO 1637 --- [           main] .s.d.r.c.RepositoryConfigurationDelegate : Bootstrapping Spring Data JPA repositories in DEFAULT mode.
2024-03-05T10:26:25.636-03:00  INFO 1637 --- [           main] .s.d.r.c.RepositoryConfigurationDelegate : Finished Spring Data repository scanning in 59 ms. Found 1 JPA repository interface.
2024-03-05T10:26:26.043-03:00  WARN 1637 --- [           main] trationDelegate$BeanPostProcessorChecker : Bean 'webServiceConfigure' of type [com.wsoap.WebServiceConfigure$$SpringCGLIB$$0] is not eligible for getting processed by all BeanPostProcessors (for example: not eligible for auto-proxying). Is this bean getting eagerly injected into a currently created BeanPostProcessor [annotationActionEndpointMapping]? Check the corresponding BeanPostProcessor declaration and its dependencies.
2024-03-05T10:26:26.044-03:00  WARN 1637 --- [           main] trationDelegate$BeanPostProcessorChecker : Bean 'org.springframework.ws.config.annotation.DelegatingWsConfiguration' of type [org.springframework.ws.config.annotation.DelegatingWsConfiguration$$SpringCGLIB$$0] is not eligible for getting processed by all BeanPostProcessors (for example: not eligible for auto-proxying). The currently created BeanPostProcessor [annotationActionEndpointMapping] is declared through a non-static factory method on that class; consider declaring it as static instead.
2024-03-05T10:26:26.101-03:00  WARN 1637 --- [           main] trationDelegate$BeanPostProcessorChecker : Bean 'callbackHandler' of type [org.springframework.ws.soap.security.wss4j2.callback.SimplePasswordValidationCallbackHandler] is not eligible for getting processed by all BeanPostProcessors (for example: not eligible for auto-proxying). Is this bean getting eagerly injected into a currently created BeanPostProcessor [annotationActionEndpointMapping]? Check the corresponding BeanPostProcessor declaration and its dependencies.
2024-03-05T10:26:26.105-03:00  WARN 1637 --- [           main] trationDelegate$BeanPostProcessorChecker : Bean 'securityInteceptor' of type [org.springframework.ws.soap.security.wss4j2.Wss4jSecurityInterceptor] is not eligible for getting processed by all BeanPostProcessors (for example: not eligible for auto-proxying). Is this bean getting eagerly injected into a currently created BeanPostProcessor [annotationActionEndpointMapping]? Check the corresponding BeanPostProcessor declaration and its dependencies.
2024-03-05T10:26:26.107-03:00  WARN 1637 --- [           main] trationDelegate$BeanPostProcessorChecker : Bean 'payloadLoggingInterceptor' of type [org.springframework.ws.server.endpoint.interceptor.PayloadLoggingInterceptor] is not eligible for getting processed by all BeanPostProcessors (for example: not eligible for auto-proxying). Is this bean getting eagerly injected into a currently created BeanPostProcessor [annotationActionEndpointMapping]? Check the corresponding BeanPostProcessor declaration and its dependencies.
2024-03-05T10:26:26.109-03:00  INFO 1637 --- [           main] .w.s.a.s.AnnotationActionEndpointMapping : Supporting [WS-Addressing August 2004, WS-Addressing 1.0]
2024-03-05T10:26:26.416-03:00  INFO 1637 --- [           main] o.hibernate.jpa.internal.util.LogHelper  : HHH000204: Processing PersistenceUnitInfo [name: default]
2024-03-05T10:26:26.494-03:00  INFO 1637 --- [           main] org.hibernate.Version                    : HHH000412: Hibernate ORM core version 6.4.4.Final
2024-03-05T10:26:26.538-03:00  INFO 1637 --- [           main] o.h.c.internal.RegionFactoryInitiator    : HHH000026: Second-level cache disabled
2024-03-05T10:26:26.817-03:00  INFO 1637 --- [           main] o.s.o.j.p.SpringPersistenceUnitInfo      : No LoadTimeWeaver setup: ignoring JPA class transformer
2024-03-05T10:26:26.863-03:00  INFO 1637 --- [           main] com.zaxxer.hikari.HikariDataSource       : HikariPool-1 - Starting...
2024-03-05T10:26:27.008-03:00  INFO 1637 --- [           main] com.zaxxer.hikari.pool.HikariPool        : HikariPool-1 - Added connection org.mariadb.jdbc.Connection@18c7f6b5
2024-03-05T10:26:27.011-03:00  INFO 1637 --- [           main] com.zaxxer.hikari.HikariDataSource       : HikariPool-1 - Start completed.
2024-03-05T10:26:28.008-03:00  INFO 1637 --- [           main] o.h.e.t.j.p.i.JtaPlatformInitiator       : HHH000489: No JTA platform available (set 'hibernate.transaction.jta.platform' to enable JTA platform integration)
2024-03-05T10:26:28.011-03:00  INFO 1637 --- [           main] j.LocalContainerEntityManagerFactoryBean : Initialized JPA EntityManagerFactory for persistence unit 'default'
2024-03-05T10:26:28.478-03:00  INFO 1637 --- [           main] o.s.ws.soap.saaj.SaajSoapMessageFactory  : Creating SAAJ 1.3 MessageFactory with SOAP 1.2 Protocol
2024-03-05T10:26:28.785-03:00  WARN 1637 --- [           main] JpaBaseConfiguration$JpaWebConfiguration : spring.jpa.open-in-view is enabled by default. Therefore, database queries may be performed during view rendering. Explicitly configure spring.jpa.open-in-view to disable this warning
2024-03-05T10:26:29.353-03:00  INFO 1637 --- [           main] com.wsoap.ConsultarucApplicationTests    : Started ConsultarucApplicationTests in 5.079 seconds (process running for 6.478)
]]></system-out>
  </testcase>
</testsuite>